#
# There is insufficient memory for the Java Runtime Environment to continue.
# Native memory allocation (malloc) failed to allocate 65680 bytes for Chunk::new
# Possible reasons:
#   The system is out of physical RAM or swap space
#   The process is running with CompressedOops enabled, and the Java Heap may be blocking the growth of the native heap
# Possible solutions:
#   Reduce memory load on the system
#   Increase physical memory or swap space
#   Check if swap backing store is full
#   Decrease Java heap size (-Xmx/-Xms)
#   Decrease number of Java threads
#   Decrease Java thread stack sizes (-Xss)
#   Set larger code cache with -XX:ReservedCodeCacheSize=
#   JVM is running with Zero Based Compressed Oops mode in which the Java heap is
#     placed in the first 32GB address space. The Java Heap base address is the
#     maximum limit for the native heap growth. Please use -XX:HeapBaseMinAddress
#     to set the Java Heap base and to place the Java Heap above 32GB virtual address.
# This output file may be truncated or incomplete.
#
#  Out of Memory Error (allocation.cpp:390), pid=15676, tid=0x0000000000003bbc
#
# JRE version: Java(TM) SE Runtime Environment (8.0_201-b09) (build 1.8.0_201-b09)
# Java VM: Java HotSpot(TM) 64-Bit Server VM (25.201-b09 mixed mode windows-amd64 compressed oops)
# Failed to write core dump. Minidumps are not enabled by default on client versions of Windows
#

---------------  T H R E A D  ---------------

Current thread (0x000000001e352000):  JavaThread "C2 CompilerThread0" daemon [_thread_in_native, id=15292, stack(0x000000001ec20000,0x000000001ed20000)]

Stack: [0x000000001ec20000,0x000000001ed20000]
[error occurred during error reporting (printing stack bounds), id 0xc0000005]

Native frames: (J=compiled Java code, j=interpreted, Vv=VM code, C=native code)


Current CompileTask:
C2:  16872 6462       4       org.jruby.lexer.yacc.RubyYaccLexer::getIdentifier (117 bytes)


---------------  P R O C E S S  ---------------

Java Threads: ( => current thread )
  0x000000001e3f2000 JavaThread "Service Thread" daemon [_thread_blocked, id=12844, stack(0x000000001f020000,0x000000001f120000)]
  0x000000001e362800 JavaThread "C1 CompilerThread3" daemon [_thread_in_native, id=21192, stack(0x000000001ef20000,0x000000001f020000)]
  0x000000001e35c800 JavaThread "C2 CompilerThread2" daemon [_thread_in_native, id=1588, stack(0x000000001ee20000,0x000000001ef20000)]
  0x000000001e358800 JavaThread "C2 CompilerThread1" daemon [_thread_in_native, id=19784, stack(0x000000001ed20000,0x000000001ee20000)]
=>0x000000001e352000 JavaThread "C2 CompilerThread0" daemon [_thread_in_native, id=15292, stack(0x000000001ec20000,0x000000001ed20000)]
  0x000000001e351000 JavaThread "Attach Listener" daemon [_thread_blocked, id=3420, stack(0x000000001eb20000,0x000000001ec20000)]
  0x000000001e356000 JavaThread "Signal Dispatcher" daemon [_thread_blocked, id=12816, stack(0x000000001ea20000,0x000000001eb20000)]
  0x000000001c54e000 JavaThread "Finalizer" daemon [_thread_blocked, id=5432, stack(0x000000001e820000,0x000000001e920000)]
  0x000000001e340800 JavaThread "Reference Handler" daemon [_thread_blocked, id=14620, stack(0x000000001e720000,0x000000001e820000)]
  0x0000000002a5e800 JavaThread "main" [_thread_in_Java, id=5276, stack(0x0000000002880000,0x0000000002980000)]

Other Threads:
  0x000000001c54a000 VMThread [stack: 0x000000001e220000,0x000000001e320000] [id=2580]
  0x000000001e375000 WatcherThread [stack: 0x000000001f120000,0x000000001f220000] [id=13008]

VM state:not at safepoint (normal execution)

VM Mutex/Monitor currently owned by a thread: None

heap address: 0x00000006c2000000, size: 4064 MB, Compressed Oops mode: Zero based, Oop shift amount: 3
Narrow klass base: 0x0000000000000000, Narrow klass shift: 3
Compressed class space size: 1073741824 Address: 0x00000007c0000000

Heap:
 PSYoungGen      total 360960K, used 98175K [0x000000076b580000, 0x0000000789c00000, 0x00000007c0000000)
  eden space 334336K, 29% used [0x000000076b580000,0x000000077155fc28,0x000000077fc00000)
  from space 26624K, 0% used [0x000000077fc00000,0x000000077fc00000,0x0000000781600000)
  to   space 26624K, 0% used [0x0000000788200000,0x0000000788200000,0x0000000789c00000)
 ParOldGen       total 223232K, used 37399K [0x00000006c2000000, 0x00000006cfa00000, 0x000000076b580000)
  object space 223232K, 16% used [0x00000006c2000000,0x00000006c4485ca8,0x00000006cfa00000)
 Metaspace       used 51579K, capacity 53352K, committed 59008K, reserved 1099776K
  class space    used 8089K, capacity 8579K, committed 9344K, reserved 1048576K

Card table byte_map: [0x0000000011f20000,0x0000000012720000] byte_map_base: 0x000000000e910000

Marking Bits: (ParMarkBitMap*) 0x000000006ca24ce0
 Begin Bits: [0x0000000013470000, 0x00000000173f0000)
 End Bits:   [0x00000000173f0000, 0x000000001b370000)

Polling page: 0x00000000027f0000

CodeCache: size=245760Kb used=20124Kb max_used=20124Kb free=225635Kb
 bounds [0x0000000002b60000, 0x0000000003f20000, 0x0000000011b60000]
 total_blobs=6266 nmethods=5744 adapters=434
 compilation: enabled

Compilation events (10 events):
Event: 16.847 Thread 0x000000001e362800 6514       3       org.jruby.RubyHash::MRIBucketIndex (7 bytes)
Event: 16.847 Thread 0x000000001e362800 nmethod 6514 0x0000000003f157d0 code [0x0000000003f15920, 0x0000000003f15a70]
Event: 16.847 Thread 0x000000001e362800 6515       3       org.jruby.RubyString::scanForCodeRange (31 bytes)
Event: 16.848 Thread 0x000000001e362800 nmethod 6515 0x0000000003f15b10 code [0x0000000003f15ca0, 0x0000000003f16408]
Event: 16.848 Thread 0x000000001e362800 6516       3       org.jruby.RubyString::hashCode (9 bytes)
Event: 16.848 Thread 0x000000001e362800 nmethod 6516 0x0000000003f16590 code [0x0000000003f16700, 0x0000000003f16aa8]
Event: 16.848 Thread 0x000000001e362800 6517       3       org.jruby.RubyString::strHashCode (121 bytes)
Event: 16.849 Thread 0x000000001e362800 nmethod 6517 0x0000000003f16bd0 code [0x0000000003f16dc0, 0x0000000003f18188]
Event: 16.849 Thread 0x000000001e362800 6518       3       org.jruby.RubyBasicObject::setFrozen (29 bytes)
Event: 16.849 Thread 0x000000001e362800 nmethod 6518 0x0000000003f185d0 code [0x0000000003f18720, 0x0000000003f188d0]

GC Heap History (10 events):
Event: 8.727 GC heap before
{Heap before GC invocations=8 (full 1):
 PSYoungGen      total 219136K, used 36865K [0x000000076b580000, 0x000000077d380000, 0x00000007c0000000)
  eden space 202752K, 10% used [0x000000076b580000,0x000000076c9810b8,0x0000000777b80000)
  from space 16384K, 99% used [0x000000077c380000,0x000000077d37f710,0x000000077d380000)
  to   space 22016K, 0% used [0x000000077a880000,0x000000077a880000,0x000000077be00000)
 ParOldGen       total 114176K, used 24576K [0x00000006c2000000, 0x00000006c8f80000, 0x000000076b580000)
  object space 114176K, 21% used [0x00000006c2000000,0x00000006c3800120,0x00000006c8f80000)
 Metaspace       used 33458K, capacity 35394K, committed 35416K, reserved 1079296K
  class space    used 4394K, capacity 4864K, committed 4864K, reserved 1048576K
Event: 8.742 GC heap after
Heap after GC invocations=8 (full 1):
 PSYoungGen      total 270848K, used 18689K [0x000000076b580000, 0x0000000782c80000, 0x00000007c0000000)
  eden space 248832K, 0% used [0x000000076b580000,0x000000076b580000,0x000000077a880000)
  from space 22016K, 84% used [0x000000077a880000,0x000000077bac0578,0x000000077be00000)
  to   space 23040K, 0% used [0x0000000781600000,0x0000000781600000,0x0000000782c80000)
 ParOldGen       total 114176K, used 24584K [0x00000006c2000000, 0x00000006c8f80000, 0x000000076b580000)
  object space 114176K, 21% used [0x00000006c2000000,0x00000006c3802120,0x00000006c8f80000)
 Metaspace       used 33458K, capacity 35394K, committed 35416K, reserved 1079296K
  class space    used 4394K, capacity 4864K, committed 4864K, reserved 1048576K
}
Event: 8.742 GC heap before
{Heap before GC invocations=9 (full 2):
 PSYoungGen      total 270848K, used 18689K [0x000000076b580000, 0x0000000782c80000, 0x00000007c0000000)
  eden space 248832K, 0% used [0x000000076b580000,0x000000076b580000,0x000000077a880000)
  from space 22016K, 84% used [0x000000077a880000,0x000000077bac0578,0x000000077be00000)
  to   space 23040K, 0% used [0x0000000781600000,0x0000000781600000,0x0000000782c80000)
 ParOldGen       total 114176K, used 24584K [0x00000006c2000000, 0x00000006c8f80000, 0x000000076b580000)
  object space 114176K, 21% used [0x00000006c2000000,0x00000006c3802120,0x00000006c8f80000)
 Metaspace       used 33458K, capacity 35394K, committed 35416K, reserved 1079296K
  class space    used 4394K, capacity 4864K, committed 4864K, reserved 1048576K
Event: 8.830 GC heap after
Heap after GC invocations=9 (full 2):
 PSYoungGen      total 270848K, used 0K [0x000000076b580000, 0x0000000782c80000, 0x00000007c0000000)
  eden space 248832K, 0% used [0x000000076b580000,0x000000076b580000,0x000000077a880000)
  from space 22016K, 0% used [0x000000077a880000,0x000000077a880000,0x000000077be00000)
  to   space 23040K, 0% used [0x0000000781600000,0x0000000781600000,0x0000000782c80000)
 ParOldGen       total 180736K, used 36007K [0x00000006c2000000, 0x00000006cd080000, 0x000000076b580000)
  object space 180736K, 19% used [0x00000006c2000000,0x00000006c4329c90,0x00000006cd080000)
 Metaspace       used 33458K, capacity 35394K, committed 35416K, reserved 1079296K
  class space    used 4394K, capacity 4864K, committed 4864K, reserved 1048576K
}
Event: 15.357 GC heap before
{Heap before GC invocations=10 (full 2):
 PSYoungGen      total 270848K, used 248832K [0x000000076b580000, 0x0000000782c80000, 0x00000007c0000000)
  eden space 248832K, 100% used [0x000000076b580000,0x000000077a880000,0x000000077a880000)
  from space 22016K, 0% used [0x000000077a880000,0x000000077a880000,0x000000077be00000)
  to   space 23040K, 0% used [0x0000000781600000,0x0000000781600000,0x0000000782c80000)
 ParOldGen       total 180736K, used 36007K [0x00000006c2000000, 0x00000006cd080000, 0x000000076b580000)
  object space 180736K, 19% used [0x00000006c2000000,0x00000006c4329c90,0x00000006cd080000)
 Metaspace       used 54005K, capacity 57612K, committed 57728K, reserved 1097728K
  class space    used 8012K, capacity 8826K, committed 8832K, reserved 1048576K
Event: 15.384 GC heap after
Heap after GC invocations=10 (full 2):
 PSYoungGen      total 357376K, used 23013K [0x000000076b580000, 0x0000000784980000, 0x00000007c0000000)
  eden space 334336K, 0% used [0x000000076b580000,0x000000076b580000,0x000000077fc00000)
  from space 23040K, 99% used [0x0000000781600000,0x0000000782c79788,0x0000000782c80000)
  to   space 26624K, 0% used [0x000000077fc00000,0x000000077fc00000,0x0000000781600000)
 ParOldGen       total 180736K, used 37349K [0x00000006c2000000, 0x00000006cd080000, 0x000000076b580000)
  object space 180736K, 20% used [0x00000006c2000000,0x00000006c44797a8,0x00000006cd080000)
 Metaspace       used 54005K, capacity 57612K, committed 57728K, reserved 1097728K
  class space    used 8012K, capacity 8826K, committed 8832K, reserved 1048576K
}
Event: 15.536 GC heap before
{Heap before GC invocations=11 (full 2):
 PSYoungGen      total 357376K, used 43124K [0x000000076b580000, 0x0000000784980000, 0x00000007c0000000)
  eden space 334336K, 6% used [0x000000076b580000,0x000000076c923c60,0x000000077fc00000)
  from space 23040K, 99% used [0x0000000781600000,0x0000000782c79788,0x0000000782c80000)
  to   space 26624K, 0% used [0x000000077fc00000,0x000000077fc00000,0x0000000781600000)
 ParOldGen       total 180736K, used 37349K [0x00000006c2000000, 0x00000006cd080000, 0x000000076b580000)
  object space 180736K, 20% used [0x00000006c2000000,0x00000006c44797a8,0x00000006cd080000)
 Metaspace       used 55310K, capacity 58892K, committed 59008K, reserved 1099776K
  class space    used 8460K, capacity 9274K, committed 9344K, reserved 1048576K
Event: 15.545 GC heap after
Heap after GC invocations=11 (full 2):
 PSYoungGen      total 360960K, used 9641K [0x000000076b580000, 0x0000000789c00000, 0x00000007c0000000)
  eden space 334336K, 0% used [0x000000076b580000,0x000000076b580000,0x000000077fc00000)
  from space 26624K, 36% used [0x000000077fc00000,0x000000078056a6b8,0x0000000781600000)
  to   space 26624K, 0% used [0x0000000788200000,0x0000000788200000,0x0000000789c00000)
 ParOldGen       total 180736K, used 37357K [0x00000006c2000000, 0x00000006cd080000, 0x000000076b580000)
  object space 180736K, 20% used [0x00000006c2000000,0x00000006c447b7a8,0x00000006cd080000)
 Metaspace       used 55310K, capacity 58892K, committed 59008K, reserved 1099776K
  class space    used 8460K, capacity 9274K, committed 9344K, reserved 1048576K
}
Event: 15.545 GC heap before
{Heap before GC invocations=12 (full 3):
 PSYoungGen      total 360960K, used 9641K [0x000000076b580000, 0x0000000789c00000, 0x00000007c0000000)
  eden space 334336K, 0% used [0x000000076b580000,0x000000076b580000,0x000000077fc00000)
  from space 26624K, 36% used [0x000000077fc00000,0x000000078056a6b8,0x0000000781600000)
  to   space 26624K, 0% used [0x0000000788200000,0x0000000788200000,0x0000000789c00000)
 ParOldGen       total 180736K, used 37357K [0x00000006c2000000, 0x00000006cd080000, 0x000000076b580000)
  object space 180736K, 20% used [0x00000006c2000000,0x00000006c447b7a8,0x00000006cd080000)
 Metaspace       used 55310K, capacity 58892K, committed 59008K, reserved 1099776K
  class space    used 8460K, capacity 9274K, committed 9344K, reserved 1048576K
Event: 15.823 GC heap after
Heap after GC invocations=12 (full 3):
 PSYoungGen      total 360960K, used 0K [0x000000076b580000, 0x0000000789c00000, 0x00000007c0000000)
  eden space 334336K, 0% used [0x000000076b580000,0x000000076b580000,0x000000077fc00000)
  from space 26624K, 0% used [0x000000077fc00000,0x000000077fc00000,0x0000000781600000)
  to   space 26624K, 0% used [0x0000000788200000,0x0000000788200000,0x0000000789c00000)
 ParOldGen       total 223232K, used 37399K [0x00000006c2000000, 0x00000006cfa00000, 0x000000076b580000)
  object space 223232K, 16% used [0x00000006c2000000,0x00000006c4485ca8,0x00000006cfa00000)
 Metaspace       used 44655K, capacity 46332K, committed 59008K, reserved 1099776K
  class space    used 6720K, capacity 7201K, committed 9344K, reserved 1048576K
}

Deoptimization events (10 events):
Event: 16.585 Thread 0x0000000002a5e800 Uncommon trap: reason=null_check action=make_not_entrant pc=0x0000000003d0a614 method=java.lang.Class$EnclosingMethodInfo.<init>([Ljava/lang/Object;)V @ 55
Event: 16.586 Thread 0x0000000002a5e800 Uncommon trap: reason=unstable_if action=reinterpret pc=0x00000000038ee14c method=java.util.WeakHashMap.remove(Ljava/lang/Object;)Ljava/lang/Object; @ 94
Event: 16.810 Thread 0x0000000002a5e800 Uncommon trap: reason=class_check action=maybe_recompile pc=0x0000000003ec79e0 method=org.jruby.lexer.yacc.RubyYaccLexer.yylex()I @ 93
Event: 16.810 Thread 0x0000000002a5e800 Uncommon trap: reason=class_check action=maybe_recompile pc=0x0000000003ed3f04 method=org.jruby.lexer.yacc.RubyYaccLexer.getIdentifier(I)I @ 45
Event: 16.810 Thread 0x0000000002a5e800 Uncommon trap: reason=class_check action=maybe_recompile pc=0x0000000003ec79e0 method=org.jruby.lexer.yacc.RubyYaccLexer.yylex()I @ 93
Event: 16.811 Thread 0x0000000002a5e800 Uncommon trap: reason=class_check action=maybe_recompile pc=0x0000000003ec79e0 method=org.jruby.lexer.yacc.RubyYaccLexer.yylex()I @ 93
Event: 16.811 Thread 0x0000000002a5e800 Uncommon trap: reason=class_check action=maybe_recompile pc=0x0000000003ec79e0 method=org.jruby.lexer.yacc.RubyYaccLexer.yylex()I @ 93
Event: 16.811 Thread 0x0000000002a5e800 Uncommon trap: reason=class_check action=maybe_recompile pc=0x0000000003ed3f04 method=org.jruby.lexer.yacc.RubyYaccLexer.getIdentifier(I)I @ 45
Event: 16.811 Thread 0x0000000002a5e800 Uncommon trap: reason=class_check action=maybe_recompile pc=0x0000000003ed3f04 method=org.jruby.lexer.yacc.RubyYaccLexer.getIdentifier(I)I @ 45
Event: 16.811 Thread 0x0000000002a5e800 Uncommon trap: reason=class_check action=maybe_recompile pc=0x0000000003ed3f04 method=org.jruby.lexer.yacc.RubyYaccLexer.getIdentifier(I)I @ 45

Classes redefined (0 events):
No events

Internal exceptions (10 events):
Event: 16.749 Thread 0x0000000002a5e800 Exception <a 'java/io/IOException'> (0x0000000770bd1198) thrown at [C:\re\workspace\8-2-build-windows-amd64-cygwin\jdk8u201\12322\hotspot\src\share\vm\prims\jni.cpp, line 709]
Event: 16.753 Thread 0x0000000002a5e800 Exception <a 'java/io/IOException'> (0x0000000770c54a98) thrown at [C:\re\workspace\8-2-build-windows-amd64-cygwin\jdk8u201\12322\hotspot\src\share\vm\prims\jni.cpp, line 709]
Event: 16.760 Thread 0x0000000002a5e800 Exception <a 'java/io/IOException'> (0x0000000770cd3fe8) thrown at [C:\re\workspace\8-2-build-windows-amd64-cygwin\jdk8u201\12322\hotspot\src\share\vm\prims\jni.cpp, line 709]
Event: 16.764 Thread 0x0000000002a5e800 Exception <a 'java/io/IOException'> (0x0000000770d4b0f8) thrown at [C:\re\workspace\8-2-build-windows-amd64-cygwin\jdk8u201\12322\hotspot\src\share\vm\prims\jni.cpp, line 709]
Event: 16.768 Thread 0x0000000002a5e800 Exception <a 'java/io/IOException'> (0x0000000770dc0e90) thrown at [C:\re\workspace\8-2-build-windows-amd64-cygwin\jdk8u201\12322\hotspot\src\share\vm\prims\jni.cpp, line 709]
Event: 16.774 Thread 0x0000000002a5e800 Exception <a 'java/io/IOException'> (0x0000000770e336b8) thrown at [C:\re\workspace\8-2-build-windows-amd64-cygwin\jdk8u201\12322\hotspot\src\share\vm\prims\jni.cpp, line 709]
Event: 16.779 Thread 0x0000000002a5e800 Exception <a 'java/io/IOException'> (0x0000000770ea5bb8) thrown at [C:\re\workspace\8-2-build-windows-amd64-cygwin\jdk8u201\12322\hotspot\src\share\vm\prims\jni.cpp, line 709]
Event: 16.784 Thread 0x0000000002a5e800 Exception <a 'java/io/IOException'> (0x0000000770f14e78) thrown at [C:\re\workspace\8-2-build-windows-amd64-cygwin\jdk8u201\12322\hotspot\src\share\vm\prims\jni.cpp, line 709]
Event: 16.800 Thread 0x0000000002a5e800 Exception <a 'java/io/IOException'> (0x0000000770fe6c68) thrown at [C:\re\workspace\8-2-build-windows-amd64-cygwin\jdk8u201\12322\hotspot\src\share\vm\prims\jni.cpp, line 709]
Event: 16.805 Thread 0x0000000002a5e800 Exception <a 'java/io/IOException'> (0x000000077105bdb8) thrown at [C:\re\workspace\8-2-build-windows-amd64-cygwin\jdk8u201\12322\hotspot\src\share\vm\prims\jni.cpp, line 709]

Events (10 events):
Event: 16.843 loading class org/jruby/ext/rbconfig/RbConfigLibrary$INVOKER$s$0$0$ruby
Event: 16.843 loading class org/jruby/ext/rbconfig/RbConfigLibrary$INVOKER$s$0$0$ruby done
Event: 16.843 loading class org/jruby/ext/rbconfig/RbConfigLibrary$INVOKER$s$0$0$ruby
Event: 16.843 loading class org/jruby/ext/rbconfig/RbConfigLibrary$INVOKER$s$0$0$ruby done
Event: 16.849 loading class jruby/kernel/RbconfigService
Event: 16.849 loading class jruby/kernel/RbconfigService done
Event: 16.849 loading class jruby/kernel/RbconfigService
Event: 16.849 loading class jruby/kernel/RbconfigService done
Event: 16.849 loading class jruby/kernel/RbconfigService
Event: 16.849 loading class jruby/kernel/RbconfigService done


Dynamic libraries:
0x00007ff6f6030000 - 0x00007ff6f6067000 	C:\Program Files\Java\jdk1.8.0_201\bin\java.exe
0x00007ff888b10000 - 0x00007ff888d05000 	C:\WINDOWS\SYSTEM32\ntdll.dll
0x00007ff8889a0000 - 0x00007ff888a5d000 	C:\WINDOWS\System32\KERNEL32.DLL
0x00007ff886480000 - 0x00007ff88674d000 	C:\WINDOWS\System32\KERNELBASE.dll
0x00007ff888010000 - 0x00007ff8880be000 	C:\WINDOWS\System32\ADVAPI32.dll
0x00007ff888900000 - 0x00007ff88899e000 	C:\WINDOWS\System32\msvcrt.dll
0x00007ff886c70000 - 0x00007ff886d0c000 	C:\WINDOWS\System32\sechost.dll
0x00007ff887e80000 - 0x00007ff887fa5000 	C:\WINDOWS\System32\RPCRT4.dll
0x00007ff888760000 - 0x00007ff888900000 	C:\WINDOWS\System32\USER32.dll
0x00007ff886450000 - 0x00007ff886472000 	C:\WINDOWS\System32\win32u.dll
0x00007ff887560000 - 0x00007ff88758a000 	C:\WINDOWS\System32\GDI32.dll
0x00007ff886990000 - 0x00007ff886a9b000 	C:\WINDOWS\System32\gdi32full.dll
0x00007ff8863b0000 - 0x00007ff88644d000 	C:\WINDOWS\System32\msvcp_win.dll
0x00007ff886890000 - 0x00007ff886990000 	C:\WINDOWS\System32\ucrtbase.dll
0x00007ff8715f0000 - 0x00007ff87188a000 	C:\WINDOWS\WinSxS\amd64_microsoft.windows.common-controls_6595b64144ccf1df_6.0.19041.1110_none_60b5254171f9507e\COMCTL32.dll
0x00007ff887700000 - 0x00007ff887730000 	C:\WINDOWS\System32\IMM32.DLL
0x000000006cab0000 - 0x000000006cb81000 	C:\Program Files\Java\jdk1.8.0_201\jre\bin\msvcr100.dll
0x000000006c200000 - 0x000000006caa4000 	C:\Program Files\Java\jdk1.8.0_201\jre\bin\server\jvm.dll
0x00007ff886c60000 - 0x00007ff886c68000 	C:\WINDOWS\System32\PSAPI.DLL
0x00007ff861d30000 - 0x00007ff861d39000 	C:\WINDOWS\SYSTEM32\WSOCK32.dll
0x00007ff8801e0000 - 0x00007ff8801ea000 	C:\WINDOWS\SYSTEM32\VERSION.dll
0x00007ff872910000 - 0x00007ff872937000 	C:\WINDOWS\SYSTEM32\WINMM.dll
0x00007ff888a60000 - 0x00007ff888acb000 	C:\WINDOWS\System32\WS2_32.dll
0x00007ff87baf0000 - 0x00007ff87baff000 	C:\Program Files\Java\jdk1.8.0_201\jre\bin\verify.dll
0x00007ff87bac0000 - 0x00007ff87bae9000 	C:\Program Files\Java\jdk1.8.0_201\jre\bin\java.dll
0x00007ff87b8d0000 - 0x00007ff87b8e6000 	C:\Program Files\Java\jdk1.8.0_201\jre\bin\zip.dll
0x00007ff887730000 - 0x00007ff887e74000 	C:\WINDOWS\System32\SHELL32.dll
0x00007ff883f10000 - 0x00007ff8846a4000 	C:\WINDOWS\SYSTEM32\windows.storage.dll
0x00007ff887200000 - 0x00007ff887554000 	C:\WINDOWS\System32\combase.dll
0x00007ff885c80000 - 0x00007ff885cac000 	C:\WINDOWS\SYSTEM32\Wldp.dll
0x00007ff887590000 - 0x00007ff88763d000 	C:\WINDOWS\System32\SHCORE.dll
0x00007ff8876a0000 - 0x00007ff8876f5000 	C:\WINDOWS\System32\shlwapi.dll
0x00007ff886160000 - 0x00007ff88617f000 	C:\WINDOWS\SYSTEM32\profapi.dll
0x0000000069ac0000 - 0x0000000069ae4000 	D:\Downloads\Chrome Downloads\apache-maven-3.8.4\lib\jansi-native\Windows\x86_64\jansi.dll
0x00007ff86fb70000 - 0x00007ff86fb8a000 	C:\Program Files\Java\jdk1.8.0_201\jre\bin\net.dll
0x00007ff873ca0000 - 0x00007ff873e8c000 	C:\WINDOWS\SYSTEM32\urlmon.dll
0x00007ff873be0000 - 0x00007ff873c08000 	C:\WINDOWS\SYSTEM32\srvcli.dll
0x00007ff873920000 - 0x00007ff873bd1000 	C:\WINDOWS\SYSTEM32\iertutil.dll
0x00007ff885690000 - 0x00007ff88569c000 	C:\WINDOWS\SYSTEM32\netutils.dll
0x00007ff8859e0000 - 0x00007ff885a4a000 	C:\WINDOWS\system32\mswsock.dll
0x00007ff86fb50000 - 0x00007ff86fb61000 	C:\Program Files\Java\jdk1.8.0_201\jre\bin\nio.dll
0x00007ff885bd0000 - 0x00007ff885be8000 	C:\WINDOWS\SYSTEM32\CRYPTSP.dll
0x00007ff8852b0000 - 0x00007ff8852e4000 	C:\WINDOWS\system32\rsaenh.dll
0x00007ff886380000 - 0x00007ff8863a7000 	C:\WINDOWS\System32\bcrypt.dll
0x00007ff886120000 - 0x00007ff88614e000 	C:\WINDOWS\SYSTEM32\USERENV.dll
0x00007ff886750000 - 0x00007ff8867d2000 	C:\WINDOWS\System32\bcryptprimitives.dll
0x00007ff885bf0000 - 0x00007ff885bfc000 	C:\WINDOWS\SYSTEM32\CRYPTBASE.dll
0x00007ff885650000 - 0x00007ff88568b000 	C:\WINDOWS\SYSTEM32\IPHLPAPI.DLL
0x00007ff886c50000 - 0x00007ff886c58000 	C:\WINDOWS\System32\NSI.dll
0x00007ff87f390000 - 0x00007ff87f3a7000 	C:\WINDOWS\SYSTEM32\dhcpcsvc6.DLL
0x00007ff87f210000 - 0x00007ff87f22d000 	C:\WINDOWS\SYSTEM32\dhcpcsvc.DLL
0x00007ff8856a0000 - 0x00007ff88576b000 	C:\WINDOWS\SYSTEM32\DNSAPI.dll
0x00007ff87b960000 - 0x00007ff87b96d000 	C:\Program Files\Java\jdk1.8.0_201\jre\bin\management.dll
0x00007ff843240000 - 0x00007ff843257000 	C:\WINDOWS\system32\napinsp.dll
0x00007ff843220000 - 0x00007ff84323b000 	C:\WINDOWS\system32\pnrpnsp.dll
0x00007ff863540000 - 0x00007ff863555000 	C:\WINDOWS\system32\wshbth.dll
0x00007ff881960000 - 0x00007ff88197d000 	C:\WINDOWS\system32\NLAapi.dll
0x00007ff843200000 - 0x00007ff843212000 	C:\WINDOWS\System32\winrnr.dll
0x00007ff87a390000 - 0x00007ff87a39a000 	C:\Windows\System32\rasadhlp.dll
0x00007ff879970000 - 0x00007ff8799f0000 	C:\WINDOWS\System32\fwpuclnt.dll

VM Arguments:
jvm_args: -Dclassworlds.conf=D:\Downloads\Chrome Downloads\apache-maven-3.8.4\bin\m2.conf -Dmaven.home=D:\Downloads\Chrome Downloads\apache-maven-3.8.4 -Dlibrary.jansi.path=D:\Downloads\Chrome Downloads\apache-maven-3.8.4\lib\jansi-native -Dmaven.multiModuleProjectDirectory=C:\Users\sahib\Documents\FreeLance\Yaqoob\Custom Connectors - Mule 4\mule_clicksend_connectors 
java_command: org.codehaus.plexus.classworlds.launcher.Launcher clean deploy -DskipTests
java_class_path (initial): D:\Downloads\Chrome Downloads\apache-maven-3.8.4\boot\plexus-classworlds-2.6.0.jar
Launcher Type: SUN_STANDARD

Environment Variables:
JAVA_HOME=C:\Program Files\Java\jdk1.8.0_201
USERNAME=sahib
OS=Windows_NT
PROCESSOR_IDENTIFIER=Intel64 Family 6 Model 158 Stepping 9, GenuineIntel



---------------  S Y S T E M  ---------------

OS: Windows 10.0 , 64 bit Build 19041 (10.0.19041.1706)

CPU:total 8 (initial active 8) (4 cores per cpu, 2 threads per core) family 6 model 158 stepping 9, cmov, cx8, fxsr, mmx, sse, sse2, sse3, ssse3, sse4.1, sse4.2, popcnt, avx, avx2, aes, clmul, erms, 3dnowpref, lzcnt, ht, tsc, tscinvbit, bmi1, bmi2, adx

Memory: 4k page, physical 16639220k(5881432k free), swap 20606800k(4088k free)

vm_info: Java HotSpot(TM) 64-Bit Server VM (25.201-b09) for windows-amd64 JRE (1.8.0_201-b09), built on Dec 15 2018 18:36:39 by "java_re" with MS VC++ 10.0 (VS2010)

time: Tue May 17 01:24:16 2022
timezone: Pakistan Standard Time
elapsed time: 16 seconds (0d 0h 0m 16s)

